<?xml version="1.0" encoding="UTF-8"?>
<testng-results skipped="0" failed="0" total="1" passed="1">
  <reporter-output>
    <line>
      <![CDATA[=====Browser Session Started=====]]>
    </line>
    <line>
      <![CDATA[=====Browser Session End=========]]>
    </line>
  </reporter-output>
  <suite name="PropertyFinder_Automation" duration-ms="36729" started-at="2018-05-16T11:57:07Z" finished-at="2018-05-16T11:57:44Z">
    <groups>
    </groups>
    <test name="PropertyFinder_Automationchrome" duration-ms="36729" started-at="2018-05-16T11:57:07Z" finished-at="2018-05-16T11:57:44Z">
      <class name="com.pf.testscripts.TestSuite">
        <test-method status="PASS" signature="setUp(java.lang.String)[pri:0, instance:com.pf.testscripts.TestSuite@419c5f1a]" name="setUp" is-config="true" duration-ms="21967" started-at="2018-05-16T17:27:07Z" finished-at="2018-05-16T17:27:29Z">
          <params>
            <param index="0">
              <value>
                <![CDATA[chrome]]>
              </value>
            </param>
          </params>
          <reporter-output>
            <line>
              <![CDATA[=====Browser Session Started=====]]>
            </line>
          </reporter-output>
        </test-method> <!-- setUp -->
        <test-method status="PASS" signature="Searchtwobedrooms(com.pf.datainitialization.DataInt)[pri:1, instance:com.pf.testscripts.TestSuite@419c5f1a]" name="Searchtwobedrooms" duration-ms="9668" started-at="2018-05-16T17:27:29Z" description="Searchtwobedrooms" data-provider="getInfo" finished-at="2018-05-16T17:27:39Z">
          <params>
            <param index="0">
              <value>
                <![CDATA[com.pf.datainitialization.DataInt@1c33c17b]]>
              </value>
            </param>
          </params>
          <reporter-output>
          </reporter-output>
        </test-method> <!-- Searchtwobedrooms -->
        <test-method status="PASS" signature="close()[pri:0, instance:com.pf.testscripts.TestSuite@419c5f1a]" name="close" is-config="true" duration-ms="5004" started-at="2018-05-16T17:27:39Z" finished-at="2018-05-16T17:27:44Z">
          <reporter-output>
            <line>
              <![CDATA[=====Browser Session End=========]]>
            </line>
          </reporter-output>
        </test-method> <!-- close -->
      </class> <!-- com.pf.testscripts.TestSuite -->
    </test> <!-- PropertyFinder_Automationchrome -->
  </suite> <!-- PropertyFinder_Automation -->
</testng-results>
